<?xml version="1.0" encoding="UTF-8"?>
<!-- Generated by org.testng.reporters.JUnitReportReporter -->
<testsuite skipped="0" hostname="DESKTOP-FID49DI" name="com.tests.ToDo_test" tests="1" failures="0" timestamp="10 Apr 2021 07:43:35 GMT" time="2.286" errors="0">
  <testcase name="toDo_E2E_Test" time="2.286" classname="com.tests.ToDo_test"/>
</testsuite> <!-- com.tests.ToDo_test -->
